<?xml version="1.0" encoding="UTF-8"?>
<!-- Generated by org.testng.reporters.JUnitXMLReporter -->
<testsuite ignored="0" hostname="DESKTOP-QR52NJ9" failures="0" tests="5" name="Default test" time="7.705" errors="0" timestamp="2024-11-23T19:43:14 IST">
  <testcase classname="api.test.Usertestusingproperties" name="setup" time="0.675"/>
  <testcase classname="api.test.Usertestusingproperties" name="testPostUser" time="2.547"/>
  <testcase classname="api.test.Usertestusingproperties" name="testGetUser" time="1.132"/>
  <testcase classname="api.test.Usertestusingproperties" name="testUpdateuser" time="2.217"/>
  <testcase classname="api.test.Usertestusingproperties" name="testDeleteUser" time="1.088"/>
</testsuite> <!-- Default test -->
