<?xml version="1.0" encoding="UTF-8"?>
<!-- Generated by org.testng.reporters.JUnitXMLReporter -->
<testsuite ignored="0" hostname="DESKTOP-QR52NJ9" failures="0" tests="5" name="Test" time="12.992" errors="0" timestamp="2024-11-23T22:10:38 IST">
  <testcase classname="api.test.Usertestusingproperties" name="setup" time="1.394"/>
  <testcase classname="api.test.Usertestusingproperties" name="testPostUser" time="5.992"/>
  <testcase classname="api.test.Usertestusingproperties" name="testGetUser" time="1.346"/>
  <testcase classname="api.test.Usertestusingproperties" name="testUpdateuser" time="2.5"/>
  <testcase classname="api.test.Usertestusingproperties" name="testDeleteUser" time="1.126"/>
</testsuite> <!-- Test -->
