<?xml version="1.0" encoding="UTF-8"?>
<testng-results ignored="0" total="5" passed="5" failed="0" skipped="0">
  <reporter-output>
  </reporter-output>
  <suite started-at="2024-11-23T22:10:25 IST" name="Suite" finished-at="2024-11-23T22:10:38 IST" duration-ms="12992">
    <groups>
    </groups>
    <test started-at="2024-11-23T22:10:25 IST" name="Test" finished-at="2024-11-23T22:10:38 IST" duration-ms="12992">
      <class name="api.test.Usertestusingproperties">
        <test-method signature="setup()[pri:1, instance:api.test.Usertestusingproperties@6973b51b]" started-at="2024-11-23T22:10:26 IST" name="setup" finished-at="2024-11-23T22:10:27 IST" duration-ms="1394" status="PASS">
          <reporter-output>
          </reporter-output>
        </test-method> <!-- setup -->
        <test-method signature="testPostUser()[pri:2, instance:api.test.Usertestusingproperties@6973b51b]" started-at="2024-11-23T22:10:27 IST" name="testPostUser" finished-at="2024-11-23T22:10:33 IST" duration-ms="5992" status="PASS">
          <reporter-output>
          </reporter-output>
        </test-method> <!-- testPostUser -->
        <test-method signature="testGetUser()[pri:3, instance:api.test.Usertestusingproperties@6973b51b]" started-at="2024-11-23T22:10:33 IST" name="testGetUser" finished-at="2024-11-23T22:10:34 IST" duration-ms="1346" status="PASS">
          <reporter-output>
          </reporter-output>
        </test-method> <!-- testGetUser -->
        <test-method signature="testUpdateuser()[pri:4, instance:api.test.Usertestusingproperties@6973b51b]" started-at="2024-11-23T22:10:34 IST" name="testUpdateuser" finished-at="2024-11-23T22:10:37 IST" duration-ms="2500" status="PASS">
          <reporter-output>
          </reporter-output>
        </test-method> <!-- testUpdateuser -->
        <test-method signature="testDeleteUser()[pri:5, instance:api.test.Usertestusingproperties@6973b51b]" started-at="2024-11-23T22:10:37 IST" name="testDeleteUser" finished-at="2024-11-23T22:10:38 IST" duration-ms="1126" status="PASS">
          <reporter-output>
          </reporter-output>
        </test-method> <!-- testDeleteUser -->
      </class> <!-- api.test.Usertestusingproperties -->
    </test> <!-- Test -->
  </suite> <!-- Suite -->
</testng-results>
