<?xml version="1.0" encoding="UTF-8"?>
<testng-results ignored="0" total="5" passed="5" failed="0" skipped="0">
  <reporter-output>
  </reporter-output>
  <suite started-at="2024-11-23T19:44:20 IST" name="Suite" finished-at="2024-11-23T19:44:28 IST" duration-ms="7931">
    <groups>
    </groups>
    <test started-at="2024-11-23T19:44:20 IST" name="Test" finished-at="2024-11-23T19:44:28 IST" duration-ms="7931">
      <class name="api.test.Usertestusingproperties">
        <test-method signature="setup()[pri:1, instance:api.test.Usertestusingproperties@71ba6d4e]" started-at="2024-11-23T19:44:21 IST" name="setup" finished-at="2024-11-23T19:44:21 IST" duration-ms="682" status="PASS">
          <reporter-output>
          </reporter-output>
        </test-method> <!-- setup -->
        <test-method signature="testPostUser()[pri:2, instance:api.test.Usertestusingproperties@71ba6d4e]" started-at="2024-11-23T19:44:21 IST" name="testPostUser" finished-at="2024-11-23T19:44:24 IST" duration-ms="2600" status="PASS">
          <reporter-output>
          </reporter-output>
        </test-method> <!-- testPostUser -->
        <test-method signature="testGetUser()[pri:3, instance:api.test.Usertestusingproperties@71ba6d4e]" started-at="2024-11-23T19:44:24 IST" name="testGetUser" finished-at="2024-11-23T19:44:25 IST" duration-ms="1125" status="PASS">
          <reporter-output>
          </reporter-output>
        </test-method> <!-- testGetUser -->
        <test-method signature="testUpdateuser()[pri:4, instance:api.test.Usertestusingproperties@71ba6d4e]" started-at="2024-11-23T19:44:25 IST" name="testUpdateuser" finished-at="2024-11-23T19:44:27 IST" duration-ms="2181" status="PASS">
          <reporter-output>
          </reporter-output>
        </test-method> <!-- testUpdateuser -->
        <test-method signature="testDeleteUser()[pri:5, instance:api.test.Usertestusingproperties@71ba6d4e]" started-at="2024-11-23T19:44:27 IST" name="testDeleteUser" finished-at="2024-11-23T19:44:28 IST" duration-ms="1086" status="PASS">
          <reporter-output>
          </reporter-output>
        </test-method> <!-- testDeleteUser -->
      </class> <!-- api.test.Usertestusingproperties -->
    </test> <!-- Test -->
  </suite> <!-- Suite -->
</testng-results>
